<?xml version="1.0" encoding="UTF-8"?>
<!DOCTYPE html PUBLIC "-//W3C//DTD XHTML 1.0 Strict//EN" "http://www.w3.org/TR/xhtml1/DTD/xhtml1-strict.dtd">
<html xmlns="http://www.w3.org/1999/xhtml">
<head>
    <title>App Auto Test</title>
    <meta name="generator" content="HTMLTestRunner 0.8.2"/>
    <meta http-equiv="Content-Type" content="text/html; charset=UTF-8"/>
    
<style type="text/css" media="screen">
body        { font-family: verdana, arial, helvetica, sans-serif; font-size: 80%; }
table       { font-size: 100%; }
pre         { }

/* -- heading ---------------------------------------------------------------------- */
h1 {
	font-size: 16pt;
	color: gray;
}
.heading {
    margin-top: 0ex;
    margin-bottom: 1ex;
}

.heading .attribute {
    margin-top: 1ex;
    margin-bottom: 0;
}

.heading .description {
    margin-top: 4ex;
    margin-bottom: 6ex;
}

/* -- css div popup ------------------------------------------------------------------------ */
a.popup_link {
}

a.popup_link:hover {
    color: red;
}

.popup_window {
    display: none;
    position: relative;
    left: 0px;
    top: 0px;
    /*border: solid #627173 1px; */
    padding: 10px;
    background-color: #E6E6D6;
    font-family: "Lucida Console", "Courier New", Courier, monospace;
    text-align: left;
    font-size: 8pt;
    width: 500px;
}

}
/* -- report ------------------------------------------------------------------------ */
#show_detail_line {
    margin-top: 3ex;
    margin-bottom: 1ex;
}
#result_table {
    width: 80%;
    border-collapse: collapse;
    border: 1px solid #777;
}
#header_row {
    font-weight: bold;
    color: white;
    background-color: #777;
}
#result_table td {
    border: 1px solid #777;
    padding: 2px;
}
#total_row  { font-weight: bold; }
.passClass  { background-color: #6c6; }
.failClass  { background-color: #c60; }
.errorClass { background-color: #c00; }
.passCase   { color: #6c6; }
.failCase   { color: #c60; font-weight: bold; }
.errorCase  { color: #c00; font-weight: bold; }
.hiddenRow  { display: none; }
.testcase   { margin-left: 2em; }


/* -- ending ---------------------------------------------------------------------- */
#ending {
}

</style>

</head>
<body>
<script language="javascript" type="text/javascript"><!--
output_list = Array();

/* level - 0:Summary; 1:Failed; 2:All */
function showCase(level) {
    trs = document.getElementsByTagName("tr");
    for (var i = 0; i < trs.length; i++) {
        tr = trs[i];
        id = tr.id;
        if (id.substr(0,2) == 'ft') {
            if (level < 1) {
                tr.className = 'hiddenRow';
            }
            else {
                tr.className = '';
            }
        }
        if (id.substr(0,2) == 'pt') {
            if (level > 1) {
                tr.className = '';
            }
            else {
                tr.className = 'hiddenRow';
            }
        }
    }
}


function showClassDetail(cid, count) {
    var id_list = Array(count);
    var toHide = 1;
    for (var i = 0; i < count; i++) {
        tid0 = 't' + cid.substr(1) + '.' + (i+1);
        tid = 'f' + tid0;
        tr = document.getElementById(tid);
        if (!tr) {
            tid = 'p' + tid0;
            tr = document.getElementById(tid);
        }
        id_list[i] = tid;
        if (tr.className) {
            toHide = 0;
        }
    }
    for (var i = 0; i < count; i++) {
        tid = id_list[i];
        if (toHide) {
            document.getElementById('div_'+tid).style.display = 'none'
            document.getElementById(tid).className = 'hiddenRow';
        }
        else {
            document.getElementById(tid).className = '';
        }
    }
}


function showTestDetail(div_id){
    var details_div = document.getElementById(div_id)
    var displayState = details_div.style.display
    // alert(displayState)
    if (displayState != 'block' ) {
        displayState = 'block'
        details_div.style.display = 'block'
    }
    else {
        details_div.style.display = 'none'
    }
}


function html_escape(s) {
    s = s.replace(/&/g,'&amp;');
    s = s.replace(/</g,'&lt;');
    s = s.replace(/>/g,'&gt;');
    return s;
}

/* obsoleted by detail in <div>
function showOutput(id, name) {
    var w = window.open("", //url
                    name,
                    "resizable,scrollbars,status,width=800,height=450");
    d = w.document;
    d.write("<pre>");
    d.write(html_escape(output_list[id]));
    d.write("\n");
    d.write("<a href='javascript:window.close()'>close</a>\n");
    d.write("</pre>\n");
    d.close();
}
*/
--></script>

<div class='heading'>
<h1>App Auto Test</h1>
<p class='attribute'><strong>Start Time:</strong> 2023-05-01 22:35:20</p>
<p class='attribute'><strong>Duration:</strong> 0:02:05.836044</p>
<p class='attribute'><strong>Status:</strong> Error 7</p>

<p class='description'>Test Results:</p>
</div>



<p id='show_detail_line'>Show
<a href='javascript:showCase(0)'>Summary</a>
<a href='javascript:showCase(1)'>Failed</a>
<a href='javascript:showCase(2)'>All</a>
</p>
<table id='result_table'>
<colgroup>
<col align='left' />
<col align='right' />
<col align='right' />
<col align='right' />
<col align='right' />
<col align='right' />
</colgroup>
<tr id='header_row'>
    <td>Test Group/Test case</td>
    <td>Count</td>
    <td>Pass</td>
    <td>Fail</td>
    <td>Error</td>
    <td>View</td>
</tr>

<tr class='errorClass'>
    <td>test_buy.TestBuy</td>
    <td>3</td>
    <td>0</td>
    <td>0</td>
    <td>3</td>
    <td><a href="javascript:showClassDetail('c1',3)">Detail</a></td>
</tr>

<tr id='ft1.1' class='none'>
    <td class='errorCase'><div class='testcase'>test_all</div></td>
    <td colspan='5' align='center'>

    <!--css div popup start-->
    <a class="popup_link" οnfοcus='this.blur();' href="javascript:showTestDetail('div_ft1.1')" >
        error</a>

    <div id='div_ft1.1' class="popup_window">
        <div style='text-align: right; color:red;cursor:pointer'>
        <a οnfοcus='this.blur();' οnclick="document.getElementById('div_ft1.1').style.display = 'none' " >
           [x]</a>
        </div>
        <pre>
        
ft1.1: Traceback (most recent call last):
  File "D:\Python\AppAutoTest\testcases\test_buy.py", line 14, in test_all
    self.app.app_func('miku', task)
  File "D:\Python\AppAutoTest\common\app_func.py", line 22, in __call__
    self.search(search_keyword)
  File "D:\Python\AppAutoTest\common\app_func.py", line 29, in search
    self.access_button(self.driver)
  File "D:\Python\AppAutoTest\common\app_op.py", line 31, in __call__
    func_dict[self.op](driver)
  File "D:\Python\AppAutoTest\common\app_op.py", line 52, in click
    self.get_element(driver).click()
  File "D:\Python\AppAutoTest\common\app_op.py", line 77, in get_element
    return self.wait(driver, lambda d: d.find_elements(self.by, (self.value)), self.wait_time)[self.index]
  File "D:\Python\AppAutoTest\common\app_op.py", line 84, in wait
    res = WebDriverWait(driver, timeout=time).until(func)
  File "D:\Anaconda\envs\app_test\lib\site-packages\selenium\webdriver\support\wait.py", line 86, in until
    value = method(self._driver)
  File "D:\Python\AppAutoTest\common\app_op.py", line 77, in &lt;lambda&gt;
    return self.wait(driver, lambda d: d.find_elements(self.by, (self.value)), self.wait_time)[self.index]
AttributeError: 'AppOp' object has no attribute 'value'
Traceback (most recent call last):
  File "D:\Python\AppAutoTest\testcases\test_buy.py", line 14, in test_all
    self.app.app_func('miku', task)
  File "D:\Python\AppAutoTest\common\app_func.py", line 22, in __call__
    self.search(search_keyword)
  File "D:\Python\AppAutoTest\common\app_func.py", line 29, in search
    self.access_button(self.driver)
  File "D:\Python\AppAutoTest\common\app_op.py", line 31, in __call__
    func_dict[self.op](driver)
  File "D:\Python\AppAutoTest\common\app_op.py", line 52, in click
    self.get_element(driver).click()
  File "D:\Python\AppAutoTest\common\app_op.py", line 77, in get_element
    return self.wait(driver, lambda d: d.find_elements(self.by, (self.value)), self.wait_time)[self.index]
  File "D:\Python\AppAutoTest\common\app_op.py", line 84, in wait
    res = WebDriverWait(driver, timeout=time).until(func)
  File "D:\Anaconda\envs\app_test\lib\site-packages\selenium\webdriver\support\wait.py", line 86, in until
    value = method(self._driver)
  File "D:\Python\AppAutoTest\common\app_op.py", line 77, in &lt;lambda&gt;
    return self.wait(driver, lambda d: d.find_elements(self.by, (self.value)), self.wait_time)[self.index]
AttributeError: 'AppOp' object has no attribute 'value'


        </pre>
    </div>
    <!--css div popup end-->

    </td>
</tr>

<tr id='ft1.2' class='none'>
    <td class='errorCase'><div class='testcase'>test_bad</div></td>
    <td colspan='5' align='center'>

    <!--css div popup start-->
    <a class="popup_link" οnfοcus='this.blur();' href="javascript:showTestDetail('div_ft1.2')" >
        error</a>

    <div id='div_ft1.2' class="popup_window">
        <div style='text-align: right; color:red;cursor:pointer'>
        <a οnfοcus='this.blur();' οnclick="document.getElementById('div_ft1.2').style.display = 'none' " >
           [x]</a>
        </div>
        <pre>
        
ft1.2: Traceback (most recent call last):
  File "D:\Python\AppAutoTest\testcases\test_buy.py", line 17, in test_bad
    self.app.app_func('miku', 'add_cart_bad')
  File "D:\Python\AppAutoTest\common\app_func.py", line 22, in __call__
    self.search(search_keyword)
  File "D:\Python\AppAutoTest\common\app_func.py", line 29, in search
    self.access_button(self.driver)
  File "D:\Python\AppAutoTest\common\app_op.py", line 31, in __call__
    func_dict[self.op](driver)
  File "D:\Python\AppAutoTest\common\app_op.py", line 52, in click
    self.get_element(driver).click()
  File "D:\Python\AppAutoTest\common\app_op.py", line 77, in get_element
    return self.wait(driver, lambda d: d.find_elements(self.by, (self.value)), self.wait_time)[self.index]
  File "D:\Python\AppAutoTest\common\app_op.py", line 84, in wait
    res = WebDriverWait(driver, timeout=time).until(func)
  File "D:\Anaconda\envs\app_test\lib\site-packages\selenium\webdriver\support\wait.py", line 86, in until
    value = method(self._driver)
  File "D:\Python\AppAutoTest\common\app_op.py", line 77, in &lt;lambda&gt;
    return self.wait(driver, lambda d: d.find_elements(self.by, (self.value)), self.wait_time)[self.index]
AttributeError: 'AppOp' object has no attribute 'value'
Traceback (most recent call last):
  File "D:\Python\AppAutoTest\testcases\test_buy.py", line 17, in test_bad
    self.app.app_func('miku', 'add_cart_bad')
  File "D:\Python\AppAutoTest\common\app_func.py", line 22, in __call__
    self.search(search_keyword)
  File "D:\Python\AppAutoTest\common\app_func.py", line 29, in search
    self.access_button(self.driver)
  File "D:\Python\AppAutoTest\common\app_op.py", line 31, in __call__
    func_dict[self.op](driver)
  File "D:\Python\AppAutoTest\common\app_op.py", line 52, in click
    self.get_element(driver).click()
  File "D:\Python\AppAutoTest\common\app_op.py", line 77, in get_element
    return self.wait(driver, lambda d: d.find_elements(self.by, (self.value)), self.wait_time)[self.index]
  File "D:\Python\AppAutoTest\common\app_op.py", line 84, in wait
    res = WebDriverWait(driver, timeout=time).until(func)
  File "D:\Anaconda\envs\app_test\lib\site-packages\selenium\webdriver\support\wait.py", line 86, in until
    value = method(self._driver)
  File "D:\Python\AppAutoTest\common\app_op.py", line 77, in &lt;lambda&gt;
    return self.wait(driver, lambda d: d.find_elements(self.by, (self.value)), self.wait_time)[self.index]
AttributeError: 'AppOp' object has no attribute 'value'


        </pre>
    </div>
    <!--css div popup end-->

    </td>
</tr>

<tr id='ft1.3' class='none'>
    <td class='errorCase'><div class='testcase'>test_good</div></td>
    <td colspan='5' align='center'>

    <!--css div popup start-->
    <a class="popup_link" οnfοcus='this.blur();' href="javascript:showTestDetail('div_ft1.3')" >
        error</a>

    <div id='div_ft1.3' class="popup_window">
        <div style='text-align: right; color:red;cursor:pointer'>
        <a οnfοcus='this.blur();' οnclick="document.getElementById('div_ft1.3').style.display = 'none' " >
           [x]</a>
        </div>
        <pre>
        
ft1.3: Traceback (most recent call last):
  File "D:\Python\AppAutoTest\testcases\test_buy.py", line 20, in test_good
    self.app.app_func('miku', 'add_cart')
  File "D:\Python\AppAutoTest\common\app_func.py", line 22, in __call__
    self.search(search_keyword)
  File "D:\Python\AppAutoTest\common\app_func.py", line 29, in search
    self.access_button(self.driver)
  File "D:\Python\AppAutoTest\common\app_op.py", line 31, in __call__
    func_dict[self.op](driver)
  File "D:\Python\AppAutoTest\common\app_op.py", line 52, in click
    self.get_element(driver).click()
  File "D:\Python\AppAutoTest\common\app_op.py", line 77, in get_element
    return self.wait(driver, lambda d: d.find_elements(self.by, (self.value)), self.wait_time)[self.index]
  File "D:\Python\AppAutoTest\common\app_op.py", line 84, in wait
    res = WebDriverWait(driver, timeout=time).until(func)
  File "D:\Anaconda\envs\app_test\lib\site-packages\selenium\webdriver\support\wait.py", line 86, in until
    value = method(self._driver)
  File "D:\Python\AppAutoTest\common\app_op.py", line 77, in &lt;lambda&gt;
    return self.wait(driver, lambda d: d.find_elements(self.by, (self.value)), self.wait_time)[self.index]
AttributeError: 'AppOp' object has no attribute 'value'
Traceback (most recent call last):
  File "D:\Python\AppAutoTest\testcases\test_buy.py", line 20, in test_good
    self.app.app_func('miku', 'add_cart')
  File "D:\Python\AppAutoTest\common\app_func.py", line 22, in __call__
    self.search(search_keyword)
  File "D:\Python\AppAutoTest\common\app_func.py", line 29, in search
    self.access_button(self.driver)
  File "D:\Python\AppAutoTest\common\app_op.py", line 31, in __call__
    func_dict[self.op](driver)
  File "D:\Python\AppAutoTest\common\app_op.py", line 52, in click
    self.get_element(driver).click()
  File "D:\Python\AppAutoTest\common\app_op.py", line 77, in get_element
    return self.wait(driver, lambda d: d.find_elements(self.by, (self.value)), self.wait_time)[self.index]
  File "D:\Python\AppAutoTest\common\app_op.py", line 84, in wait
    res = WebDriverWait(driver, timeout=time).until(func)
  File "D:\Anaconda\envs\app_test\lib\site-packages\selenium\webdriver\support\wait.py", line 86, in until
    value = method(self._driver)
  File "D:\Python\AppAutoTest\common\app_op.py", line 77, in &lt;lambda&gt;
    return self.wait(driver, lambda d: d.find_elements(self.by, (self.value)), self.wait_time)[self.index]
AttributeError: 'AppOp' object has no attribute 'value'


        </pre>
    </div>
    <!--css div popup end-->

    </td>
</tr>

<tr class='errorClass'>
    <td>test_video.TestVideo</td>
    <td>4</td>
    <td>0</td>
    <td>0</td>
    <td>4</td>
    <td><a href="javascript:showClassDetail('c2',4)">Detail</a></td>
</tr>

<tr id='ft2.1' class='none'>
    <td class='errorCase'><div class='testcase'>test_all</div></td>
    <td colspan='5' align='center'>

    <!--css div popup start-->
    <a class="popup_link" οnfοcus='this.blur();' href="javascript:showTestDetail('div_ft2.1')" >
        error</a>

    <div id='div_ft2.1' class="popup_window">
        <div style='text-align: right; color:red;cursor:pointer'>
        <a οnfοcus='this.blur();' οnclick="document.getElementById('div_ft2.1').style.display = 'none' " >
           [x]</a>
        </div>
        <pre>
        
ft2.1: Traceback (most recent call last):
  File "D:\Python\AppAutoTest\testcases\test_video.py", line 14, in test_all
    self.app.app_func('china', task)
  File "D:\Python\AppAutoTest\common\app_func.py", line 22, in __call__
    self.search(search_keyword)
  File "D:\Python\AppAutoTest\common\app_func.py", line 29, in search
    self.access_button(self.driver)
  File "D:\Python\AppAutoTest\common\app_op.py", line 25, in __call__
    raise Exception('AppOp run failed op not in skip, back, enter, click, send_keys, find, find_cart_and_click')
Exception: AppOp run failed op not in skip, back, enter, click, send_keys, find, find_cart_and_click
Traceback (most recent call last):
  File "D:\Python\AppAutoTest\testcases\test_video.py", line 14, in test_all
    self.app.app_func('china', task)
  File "D:\Python\AppAutoTest\common\app_func.py", line 22, in __call__
    self.search(search_keyword)
  File "D:\Python\AppAutoTest\common\app_func.py", line 29, in search
    self.access_button(self.driver)
  File "D:\Python\AppAutoTest\common\app_op.py", line 25, in __call__
    raise Exception('AppOp run failed op not in skip, back, enter, click, send_keys, find, find_cart_and_click')
Exception: AppOp run failed op not in skip, back, enter, click, send_keys, find, find_cart_and_click


        </pre>
    </div>
    <!--css div popup end-->

    </td>
</tr>

<tr id='ft2.2' class='none'>
    <td class='errorCase'><div class='testcase'>test_get_desc</div></td>
    <td colspan='5' align='center'>

    <!--css div popup start-->
    <a class="popup_link" οnfοcus='this.blur();' href="javascript:showTestDetail('div_ft2.2')" >
        error</a>

    <div id='div_ft2.2' class="popup_window">
        <div style='text-align: right; color:red;cursor:pointer'>
        <a οnfοcus='this.blur();' οnclick="document.getElementById('div_ft2.2').style.display = 'none' " >
           [x]</a>
        </div>
        <pre>
        
ft2.2: Traceback (most recent call last):
  File "D:\Python\AppAutoTest\testcases\test_video.py", line 23, in test_get_desc
    self.app.app_func('russia', 'get_desc')
  File "D:\Python\AppAutoTest\common\app_func.py", line 22, in __call__
    self.search(search_keyword)
  File "D:\Python\AppAutoTest\common\app_func.py", line 29, in search
    self.access_button(self.driver)
  File "D:\Python\AppAutoTest\common\app_op.py", line 25, in __call__
    raise Exception('AppOp run failed op not in skip, back, enter, click, send_keys, find, find_cart_and_click')
Exception: AppOp run failed op not in skip, back, enter, click, send_keys, find, find_cart_and_click
Traceback (most recent call last):
  File "D:\Python\AppAutoTest\testcases\test_video.py", line 23, in test_get_desc
    self.app.app_func('russia', 'get_desc')
  File "D:\Python\AppAutoTest\common\app_func.py", line 22, in __call__
    self.search(search_keyword)
  File "D:\Python\AppAutoTest\common\app_func.py", line 29, in search
    self.access_button(self.driver)
  File "D:\Python\AppAutoTest\common\app_op.py", line 25, in __call__
    raise Exception('AppOp run failed op not in skip, back, enter, click, send_keys, find, find_cart_and_click')
Exception: AppOp run failed op not in skip, back, enter, click, send_keys, find, find_cart_and_click


        </pre>
    </div>
    <!--css div popup end-->

    </td>
</tr>

<tr id='ft2.3' class='none'>
    <td class='errorCase'><div class='testcase'>test_search</div></td>
    <td colspan='5' align='center'>

    <!--css div popup start-->
    <a class="popup_link" οnfοcus='this.blur();' href="javascript:showTestDetail('div_ft2.3')" >
        error</a>

    <div id='div_ft2.3' class="popup_window">
        <div style='text-align: right; color:red;cursor:pointer'>
        <a οnfοcus='this.blur();' οnclick="document.getElementById('div_ft2.3').style.display = 'none' " >
           [x]</a>
        </div>
        <pre>
        
ft2.3: Traceback (most recent call last):
  File "D:\Python\AppAutoTest\testcases\test_video.py", line 17, in test_search
    self.app.app_func.search('china')
  File "D:\Python\AppAutoTest\common\app_func.py", line 29, in search
    self.access_button(self.driver)
  File "D:\Python\AppAutoTest\common\app_op.py", line 25, in __call__
    raise Exception('AppOp run failed op not in skip, back, enter, click, send_keys, find, find_cart_and_click')
Exception: AppOp run failed op not in skip, back, enter, click, send_keys, find, find_cart_and_click
Traceback (most recent call last):
  File "D:\Python\AppAutoTest\testcases\test_video.py", line 17, in test_search
    self.app.app_func.search('china')
  File "D:\Python\AppAutoTest\common\app_func.py", line 29, in search
    self.access_button(self.driver)
  File "D:\Python\AppAutoTest\common\app_op.py", line 25, in __call__
    raise Exception('AppOp run failed op not in skip, back, enter, click, send_keys, find, find_cart_and_click')
Exception: AppOp run failed op not in skip, back, enter, click, send_keys, find, find_cart_and_click


        </pre>
    </div>
    <!--css div popup end-->

    </td>
</tr>

<tr id='ft2.4' class='none'>
    <td class='errorCase'><div class='testcase'>test_thumb_up</div></td>
    <td colspan='5' align='center'>

    <!--css div popup start-->
    <a class="popup_link" οnfοcus='this.blur();' href="javascript:showTestDetail('div_ft2.4')" >
        error</a>

    <div id='div_ft2.4' class="popup_window">
        <div style='text-align: right; color:red;cursor:pointer'>
        <a οnfοcus='this.blur();' οnclick="document.getElementById('div_ft2.4').style.display = 'none' " >
           [x]</a>
        </div>
        <pre>
        
ft2.4: Traceback (most recent call last):
  File "D:\Python\AppAutoTest\testcases\test_video.py", line 20, in test_thumb_up
    self.app.app_func('chinese', 'thumb_up')
  File "D:\Python\AppAutoTest\common\app_func.py", line 22, in __call__
    self.search(search_keyword)
  File "D:\Python\AppAutoTest\common\app_func.py", line 29, in search
    self.access_button(self.driver)
  File "D:\Python\AppAutoTest\common\app_op.py", line 25, in __call__
    raise Exception('AppOp run failed op not in skip, back, enter, click, send_keys, find, find_cart_and_click')
Exception: AppOp run failed op not in skip, back, enter, click, send_keys, find, find_cart_and_click
Traceback (most recent call last):
  File "D:\Python\AppAutoTest\testcases\test_video.py", line 20, in test_thumb_up
    self.app.app_func('chinese', 'thumb_up')
  File "D:\Python\AppAutoTest\common\app_func.py", line 22, in __call__
    self.search(search_keyword)
  File "D:\Python\AppAutoTest\common\app_func.py", line 29, in search
    self.access_button(self.driver)
  File "D:\Python\AppAutoTest\common\app_op.py", line 25, in __call__
    raise Exception('AppOp run failed op not in skip, back, enter, click, send_keys, find, find_cart_and_click')
Exception: AppOp run failed op not in skip, back, enter, click, send_keys, find, find_cart_and_click


        </pre>
    </div>
    <!--css div popup end-->

    </td>
</tr>

<tr id='total_row'>
    <td>Total</td>
    <td>7</td>
    <td>0</td>
    <td>0</td>
    <td>7</td>
    <td>&nbsp;</td>
</tr>
</table>

<div id='ending'>&nbsp;</div>

</body>
</html>
